2025-07-17 09:29:50,208 - __main__ - INFO - Starting Market Signals Telegram Bot...
2025-07-17 09:29:50,211 - __main__ - ERROR - Error starting bot: Only timezones from the pytz library are supported
2025-07-17 09:31:02,446 - __main__ - INFO - Starting Market Signals Telegram Bot...
2025-07-17 09:31:02,449 - __main__ - ERROR - Error starting bot: Only timezones from the pytz library are supported
2025-07-17 09:31:48,820 - __main__ - INFO - Starting Market Signals Telegram Bot...
2025-07-17 09:31:48,824 - __main__ - ERROR - Error starting bot: Only timezones from the pytz library are supported
2025-07-17 09:32:04,605 - __main__ - INFO - Starting Market Signals Telegram Bot...
2025-07-17 09:32:04,608 - __main__ - ERROR - Error starting bot: Only timezones from the pytz library are supported
2025-07-17 09:32:17,878 - __main__ - INFO - Starting Market Signals Telegram Bot...
2025-07-17 09:32:17,881 - __main__ - ERROR - Error starting bot: Only timezones from the pytz library are supported
2025-07-17 09:33:49,729 - __main__ - INFO - Starting Market Signals Telegram Bot...
2025-07-17 09:33:49,733 - __main__ - ERROR - Error starting bot: Only timezones from the pytz library are supported
2025-07-17 09:35:51,495 - __main__ - INFO - Starting Market Signals Telegram Bot...
2025-07-17 09:35:51,499 - __main__ - ERROR - Error starting bot: Only timezones from the pytz library are supported
2025-07-17 09:37:09,018 - __main__ - INFO - Starting Market Signals Telegram Bot...
2025-07-17 09:37:09,022 - __main__ - ERROR - Error starting bot: Only timezones from the pytz library are supported
2025-07-17 09:38:52,689 - __main__ - INFO - Starting Market Signals Telegram Bot...
2025-07-17 09:38:52,692 - __main__ - ERROR - Error starting bot: Only timezones from the pytz library are supported
2025-07-17 10:00:55,270 - __main__ - INFO - Starting Market Signals Telegram Bot...
2025-07-17 10:00:55,275 - __main__ - ERROR - Error starting bot: Only timezones from the pytz library are supported
2025-07-17 10:10:22,699 - __main__ - INFO - Starting Market Signals Telegram Bot...
2025-07-17 10:10:22,700 - __main__ - INFO - Running daily signal generation
2025-07-17 10:10:23,630 - src.daily_signal_generator - INFO - Found 1 users
2025-07-17 10:10:23,631 - src.daily_signal_generator - INFO - Daily signal processing complete. Notified 0 users with 0 notifications.
2025-07-17 10:10:23,633 - __main__ - INFO - Daily signal generation complete
2025-07-17 10:15:05,244 - __main__ - INFO - Starting Market Signals Telegram Bot...
2025-07-17 10:15:05,246 - __main__ - INFO - Starting interactive bot mode
2025-07-17 10:15:05,248 - __main__ - ERROR - Error starting bot: Only timezones from the pytz library are supported
2025-07-17 10:18:26,813 - __main__ - INFO - Starting Market Signals Telegram Bot...
2025-07-17 10:18:26,815 - __main__ - INFO - Starting interactive bot mode
2025-07-17 10:18:27,592 - src.bot.telegram_bot - INFO - Bot initialized
2025-07-17 10:18:27,592 - src.bot.telegram_bot - INFO - Starting bot
2025-07-17 10:18:28,013 - httpx - INFO - HTTP Request: POST https://api.telegram.org/bot8093282303:AAEqfy1qngjmQu9N1Y6N1ImluEn-DfxzPts/getMe "HTTP/1.1 200 OK"
2025-07-17 10:18:28,088 - httpx - INFO - HTTP Request: POST https://api.telegram.org/bot8093282303:AAEqfy1qngjmQu9N1Y6N1ImluEn-DfxzPts/deleteWebhook "HTTP/1.1 200 OK"
2025-07-17 10:18:28,090 - apscheduler.scheduler - INFO - Scheduler started
2025-07-17 10:18:28,091 - telegram.ext.Application - INFO - Application started
2025-07-17 10:18:38,320 - httpx - INFO - HTTP Request: POST https://api.telegram.org/bot8093282303:AAEqfy1qngjmQu9N1Y6N1ImluEn-DfxzPts/getUpdates "HTTP/1.1 200 OK"
2025-07-17 10:18:47,300 - httpx - INFO - HTTP Request: POST https://api.telegram.org/bot8093282303:AAEqfy1qngjmQu9N1Y6N1ImluEn-DfxzPts/getUpdates "HTTP/1.1 200 OK"
2025-07-17 10:18:54,082 - httpx - INFO - HTTP Request: POST https://api.telegram.org/bot8093282303:AAEqfy1qngjmQu9N1Y6N1ImluEn-DfxzPts/getUpdates "HTTP/1.1 200 OK"
2025-07-17 10:18:54,567 - httpx - INFO - HTTP Request: POST https://api.telegram.org/bot8093282303:AAEqfy1qngjmQu9N1Y6N1ImluEn-DfxzPts/sendMessage "HTTP/1.1 200 OK"
2025-07-17 10:19:04,233 - httpx - INFO - HTTP Request: POST https://api.telegram.org/bot8093282303:AAEqfy1qngjmQu9N1Y6N1ImluEn-DfxzPts/getUpdates "HTTP/1.1 200 OK"
2025-07-17 10:19:14,376 - httpx - INFO - HTTP Request: POST https://api.telegram.org/bot8093282303:AAEqfy1qngjmQu9N1Y6N1ImluEn-DfxzPts/getUpdates "HTTP/1.1 200 OK"
2025-07-17 10:19:24,551 - httpx - INFO - HTTP Request: POST https://api.telegram.org/bot8093282303:AAEqfy1qngjmQu9N1Y6N1ImluEn-DfxzPts/getUpdates "HTTP/1.1 200 OK"
2025-07-17 10:19:31,828 - httpx - INFO - HTTP Request: POST https://api.telegram.org/bot8093282303:AAEqfy1qngjmQu9N1Y6N1ImluEn-DfxzPts/getUpdates "HTTP/1.1 200 OK"
2025-07-17 10:19:40,032 - httpx - INFO - HTTP Request: POST https://api.telegram.org/bot8093282303:AAEqfy1qngjmQu9N1Y6N1ImluEn-DfxzPts/getUpdates "HTTP/1.1 200 OK"
2025-07-17 10:19:40,616 - httpx - INFO - HTTP Request: POST https://api.telegram.org/bot8093282303:AAEqfy1qngjmQu9N1Y6N1ImluEn-DfxzPts/sendMessage "HTTP/1.1 200 OK"
2025-07-17 10:19:50,110 - httpx - INFO - HTTP Request: POST https://api.telegram.org/bot8093282303:AAEqfy1qngjmQu9N1Y6N1ImluEn-DfxzPts/getUpdates "HTTP/1.1 200 OK"
2025-07-17 10:19:51,724 - httpx - INFO - HTTP Request: POST https://api.telegram.org/bot8093282303:AAEqfy1qngjmQu9N1Y6N1ImluEn-DfxzPts/getUpdates "HTTP/1.1 200 OK"
2025-07-17 10:19:52,026 - httpx - INFO - HTTP Request: POST https://api.telegram.org/bot8093282303:AAEqfy1qngjmQu9N1Y6N1ImluEn-DfxzPts/sendMessage "HTTP/1.1 200 OK"
2025-07-17 10:19:53,279 - telegram.ext.Application - ERROR - No error handlers are registered, logging exception.
Traceback (most recent call last):
  File "C:\Users\nijordia\AppData\Local\Programs\Python\Python313\Lib\site-packages\telegram\ext\_application.py", line 1175, in __create_task_callback
    return await coroutine  # type: ignore[misc]
           ^^^^^^^^^^^^^^^
TypeError: object DataFrame can't be used in 'await' expression
2025-07-17 10:19:53,281 - src.bot.telegram_bot - ERROR - Error generating signal: object DataFrame can't be used in 'await' expression
2025-07-17 10:19:53,493 - httpx - INFO - HTTP Request: POST https://api.telegram.org/bot8093282303:AAEqfy1qngjmQu9N1Y6N1ImluEn-DfxzPts/sendMessage "HTTP/1.1 200 OK"
2025-07-17 10:20:01,801 - httpx - INFO - HTTP Request: POST https://api.telegram.org/bot8093282303:AAEqfy1qngjmQu9N1Y6N1ImluEn-DfxzPts/getUpdates "HTTP/1.1 200 OK"
2025-07-17 10:20:11,882 - httpx - INFO - HTTP Request: POST https://api.telegram.org/bot8093282303:AAEqfy1qngjmQu9N1Y6N1ImluEn-DfxzPts/getUpdates "HTTP/1.1 200 OK"
2025-07-17 10:20:21,957 - httpx - INFO - HTTP Request: POST https://api.telegram.org/bot8093282303:AAEqfy1qngjmQu9N1Y6N1ImluEn-DfxzPts/getUpdates "HTTP/1.1 200 OK"
2025-07-17 10:20:32,036 - httpx - INFO - HTTP Request: POST https://api.telegram.org/bot8093282303:AAEqfy1qngjmQu9N1Y6N1ImluEn-DfxzPts/getUpdates "HTTP/1.1 200 OK"
2025-07-17 10:20:42,112 - httpx - INFO - HTTP Request: POST https://api.telegram.org/bot8093282303:AAEqfy1qngjmQu9N1Y6N1ImluEn-DfxzPts/getUpdates "HTTP/1.1 200 OK"
2025-07-17 10:20:52,186 - httpx - INFO - HTTP Request: POST https://api.telegram.org/bot8093282303:AAEqfy1qngjmQu9N1Y6N1ImluEn-DfxzPts/getUpdates "HTTP/1.1 200 OK"
2025-07-17 10:21:02,334 - httpx - INFO - HTTP Request: POST https://api.telegram.org/bot8093282303:AAEqfy1qngjmQu9N1Y6N1ImluEn-DfxzPts/getUpdates "HTTP/1.1 200 OK"
2025-07-17 10:21:12,434 - httpx - INFO - HTTP Request: POST https://api.telegram.org/bot8093282303:AAEqfy1qngjmQu9N1Y6N1ImluEn-DfxzPts/getUpdates "HTTP/1.1 200 OK"
2025-07-17 10:21:22,513 - httpx - INFO - HTTP Request: POST https://api.telegram.org/bot8093282303:AAEqfy1qngjmQu9N1Y6N1ImluEn-DfxzPts/getUpdates "HTTP/1.1 200 OK"
2025-07-17 10:21:32,595 - httpx - INFO - HTTP Request: POST https://api.telegram.org/bot8093282303:AAEqfy1qngjmQu9N1Y6N1ImluEn-DfxzPts/getUpdates "HTTP/1.1 200 OK"
2025-07-17 10:21:42,669 - httpx - INFO - HTTP Request: POST https://api.telegram.org/bot8093282303:AAEqfy1qngjmQu9N1Y6N1ImluEn-DfxzPts/getUpdates "HTTP/1.1 200 OK"
2025-07-17 10:21:52,746 - httpx - INFO - HTTP Request: POST https://api.telegram.org/bot8093282303:AAEqfy1qngjmQu9N1Y6N1ImluEn-DfxzPts/getUpdates "HTTP/1.1 200 OK"
2025-07-17 10:22:02,836 - httpx - INFO - HTTP Request: POST https://api.telegram.org/bot8093282303:AAEqfy1qngjmQu9N1Y6N1ImluEn-DfxzPts/getUpdates "HTTP/1.1 200 OK"
2025-07-17 10:22:12,913 - httpx - INFO - HTTP Request: POST https://api.telegram.org/bot8093282303:AAEqfy1qngjmQu9N1Y6N1ImluEn-DfxzPts/getUpdates "HTTP/1.1 200 OK"
2025-07-17 10:22:22,989 - httpx - INFO - HTTP Request: POST https://api.telegram.org/bot8093282303:AAEqfy1qngjmQu9N1Y6N1ImluEn-DfxzPts/getUpdates "HTTP/1.1 200 OK"
2025-07-17 10:22:33,064 - httpx - INFO - HTTP Request: POST https://api.telegram.org/bot8093282303:AAEqfy1qngjmQu9N1Y6N1ImluEn-DfxzPts/getUpdates "HTTP/1.1 200 OK"
2025-07-17 10:22:43,151 - httpx - INFO - HTTP Request: POST https://api.telegram.org/bot8093282303:AAEqfy1qngjmQu9N1Y6N1ImluEn-DfxzPts/getUpdates "HTTP/1.1 200 OK"
2025-07-17 10:22:53,236 - httpx - INFO - HTTP Request: POST https://api.telegram.org/bot8093282303:AAEqfy1qngjmQu9N1Y6N1ImluEn-DfxzPts/getUpdates "HTTP/1.1 200 OK"
2025-07-17 10:23:03,316 - httpx - INFO - HTTP Request: POST https://api.telegram.org/bot8093282303:AAEqfy1qngjmQu9N1Y6N1ImluEn-DfxzPts/getUpdates "HTTP/1.1 200 OK"
2025-07-17 10:23:13,391 - httpx - INFO - HTTP Request: POST https://api.telegram.org/bot8093282303:AAEqfy1qngjmQu9N1Y6N1ImluEn-DfxzPts/getUpdates "HTTP/1.1 200 OK"
2025-07-17 10:23:23,466 - httpx - INFO - HTTP Request: POST https://api.telegram.org/bot8093282303:AAEqfy1qngjmQu9N1Y6N1ImluEn-DfxzPts/getUpdates "HTTP/1.1 200 OK"
2025-07-17 10:23:33,542 - httpx - INFO - HTTP Request: POST https://api.telegram.org/bot8093282303:AAEqfy1qngjmQu9N1Y6N1ImluEn-DfxzPts/getUpdates "HTTP/1.1 200 OK"
2025-07-17 10:23:43,618 - httpx - INFO - HTTP Request: POST https://api.telegram.org/bot8093282303:AAEqfy1qngjmQu9N1Y6N1ImluEn-DfxzPts/getUpdates "HTTP/1.1 200 OK"
2025-07-17 10:23:53,697 - httpx - INFO - HTTP Request: POST https://api.telegram.org/bot8093282303:AAEqfy1qngjmQu9N1Y6N1ImluEn-DfxzPts/getUpdates "HTTP/1.1 200 OK"
2025-07-17 10:24:03,775 - httpx - INFO - HTTP Request: POST https://api.telegram.org/bot8093282303:AAEqfy1qngjmQu9N1Y6N1ImluEn-DfxzPts/getUpdates "HTTP/1.1 200 OK"
2025-07-17 10:24:13,858 - httpx - INFO - HTTP Request: POST https://api.telegram.org/bot8093282303:AAEqfy1qngjmQu9N1Y6N1ImluEn-DfxzPts/getUpdates "HTTP/1.1 200 OK"
2025-07-17 10:24:23,932 - httpx - INFO - HTTP Request: POST https://api.telegram.org/bot8093282303:AAEqfy1qngjmQu9N1Y6N1ImluEn-DfxzPts/getUpdates "HTTP/1.1 200 OK"
2025-07-17 10:24:34,010 - httpx - INFO - HTTP Request: POST https://api.telegram.org/bot8093282303:AAEqfy1qngjmQu9N1Y6N1ImluEn-DfxzPts/getUpdates "HTTP/1.1 200 OK"
2025-07-17 10:24:44,091 - httpx - INFO - HTTP Request: POST https://api.telegram.org/bot8093282303:AAEqfy1qngjmQu9N1Y6N1ImluEn-DfxzPts/getUpdates "HTTP/1.1 200 OK"
2025-07-17 10:24:54,283 - httpx - INFO - HTTP Request: POST https://api.telegram.org/bot8093282303:AAEqfy1qngjmQu9N1Y6N1ImluEn-DfxzPts/getUpdates "HTTP/1.1 200 OK"
2025-07-17 10:25:04,362 - httpx - INFO - HTTP Request: POST https://api.telegram.org/bot8093282303:AAEqfy1qngjmQu9N1Y6N1ImluEn-DfxzPts/getUpdates "HTTP/1.1 200 OK"
2025-07-17 10:25:14,444 - httpx - INFO - HTTP Request: POST https://api.telegram.org/bot8093282303:AAEqfy1qngjmQu9N1Y6N1ImluEn-DfxzPts/getUpdates "HTTP/1.1 200 OK"
2025-07-17 10:25:24,531 - httpx - INFO - HTTP Request: POST https://api.telegram.org/bot8093282303:AAEqfy1qngjmQu9N1Y6N1ImluEn-DfxzPts/getUpdates "HTTP/1.1 200 OK"
2025-07-17 10:25:34,612 - httpx - INFO - HTTP Request: POST https://api.telegram.org/bot8093282303:AAEqfy1qngjmQu9N1Y6N1ImluEn-DfxzPts/getUpdates "HTTP/1.1 200 OK"
2025-07-17 10:25:44,691 - httpx - INFO - HTTP Request: POST https://api.telegram.org/bot8093282303:AAEqfy1qngjmQu9N1Y6N1ImluEn-DfxzPts/getUpdates "HTTP/1.1 200 OK"
2025-07-17 10:25:54,770 - httpx - INFO - HTTP Request: POST https://api.telegram.org/bot8093282303:AAEqfy1qngjmQu9N1Y6N1ImluEn-DfxzPts/getUpdates "HTTP/1.1 200 OK"
2025-07-17 10:26:04,844 - httpx - INFO - HTTP Request: POST https://api.telegram.org/bot8093282303:AAEqfy1qngjmQu9N1Y6N1ImluEn-DfxzPts/getUpdates "HTTP/1.1 200 OK"
2025-07-17 10:26:14,922 - httpx - INFO - HTTP Request: POST https://api.telegram.org/bot8093282303:AAEqfy1qngjmQu9N1Y6N1ImluEn-DfxzPts/getUpdates "HTTP/1.1 200 OK"
2025-07-17 10:26:25,009 - httpx - INFO - HTTP Request: POST https://api.telegram.org/bot8093282303:AAEqfy1qngjmQu9N1Y6N1ImluEn-DfxzPts/getUpdates "HTTP/1.1 200 OK"
2025-07-17 10:26:35,189 - httpx - INFO - HTTP Request: POST https://api.telegram.org/bot8093282303:AAEqfy1qngjmQu9N1Y6N1ImluEn-DfxzPts/getUpdates "HTTP/1.1 200 OK"
2025-07-17 10:26:45,398 - httpx - INFO - HTTP Request: POST https://api.telegram.org/bot8093282303:AAEqfy1qngjmQu9N1Y6N1ImluEn-DfxzPts/getUpdates "HTTP/1.1 200 OK"
2025-07-17 10:26:55,505 - httpx - INFO - HTTP Request: POST https://api.telegram.org/bot8093282303:AAEqfy1qngjmQu9N1Y6N1ImluEn-DfxzPts/getUpdates "HTTP/1.1 200 OK"
2025-07-17 10:27:05,585 - httpx - INFO - HTTP Request: POST https://api.telegram.org/bot8093282303:AAEqfy1qngjmQu9N1Y6N1ImluEn-DfxzPts/getUpdates "HTTP/1.1 200 OK"
2025-07-17 10:27:15,660 - httpx - INFO - HTTP Request: POST https://api.telegram.org/bot8093282303:AAEqfy1qngjmQu9N1Y6N1ImluEn-DfxzPts/getUpdates "HTTP/1.1 200 OK"
2025-07-17 10:27:25,738 - httpx - INFO - HTTP Request: POST https://api.telegram.org/bot8093282303:AAEqfy1qngjmQu9N1Y6N1ImluEn-DfxzPts/getUpdates "HTTP/1.1 200 OK"
2025-07-17 10:27:35,812 - httpx - INFO - HTTP Request: POST https://api.telegram.org/bot8093282303:AAEqfy1qngjmQu9N1Y6N1ImluEn-DfxzPts/getUpdates "HTTP/1.1 200 OK"
2025-07-17 10:27:45,892 - httpx - INFO - HTTP Request: POST https://api.telegram.org/bot8093282303:AAEqfy1qngjmQu9N1Y6N1ImluEn-DfxzPts/getUpdates "HTTP/1.1 200 OK"
2025-07-17 10:27:55,993 - httpx - INFO - HTTP Request: POST https://api.telegram.org/bot8093282303:AAEqfy1qngjmQu9N1Y6N1ImluEn-DfxzPts/getUpdates "HTTP/1.1 200 OK"
2025-07-17 10:28:06,091 - httpx - INFO - HTTP Request: POST https://api.telegram.org/bot8093282303:AAEqfy1qngjmQu9N1Y6N1ImluEn-DfxzPts/getUpdates "HTTP/1.1 200 OK"
2025-07-17 10:28:16,165 - httpx - INFO - HTTP Request: POST https://api.telegram.org/bot8093282303:AAEqfy1qngjmQu9N1Y6N1ImluEn-DfxzPts/getUpdates "HTTP/1.1 200 OK"
2025-07-17 10:28:26,241 - httpx - INFO - HTTP Request: POST https://api.telegram.org/bot8093282303:AAEqfy1qngjmQu9N1Y6N1ImluEn-DfxzPts/getUpdates "HTTP/1.1 200 OK"
2025-07-17 10:28:36,329 - httpx - INFO - HTTP Request: POST https://api.telegram.org/bot8093282303:AAEqfy1qngjmQu9N1Y6N1ImluEn-DfxzPts/getUpdates "HTTP/1.1 200 OK"
2025-07-17 10:28:46,407 - httpx - INFO - HTTP Request: POST https://api.telegram.org/bot8093282303:AAEqfy1qngjmQu9N1Y6N1ImluEn-DfxzPts/getUpdates "HTTP/1.1 200 OK"
2025-07-17 10:28:56,490 - httpx - INFO - HTTP Request: POST https://api.telegram.org/bot8093282303:AAEqfy1qngjmQu9N1Y6N1ImluEn-DfxzPts/getUpdates "HTTP/1.1 200 OK"
2025-07-17 10:29:06,569 - httpx - INFO - HTTP Request: POST https://api.telegram.org/bot8093282303:AAEqfy1qngjmQu9N1Y6N1ImluEn-DfxzPts/getUpdates "HTTP/1.1 200 OK"
2025-07-17 10:29:16,643 - httpx - INFO - HTTP Request: POST https://api.telegram.org/bot8093282303:AAEqfy1qngjmQu9N1Y6N1ImluEn-DfxzPts/getUpdates "HTTP/1.1 200 OK"
2025-07-17 10:29:26,738 - httpx - INFO - HTTP Request: POST https://api.telegram.org/bot8093282303:AAEqfy1qngjmQu9N1Y6N1ImluEn-DfxzPts/getUpdates "HTTP/1.1 200 OK"
2025-07-17 10:29:36,832 - httpx - INFO - HTTP Request: POST https://api.telegram.org/bot8093282303:AAEqfy1qngjmQu9N1Y6N1ImluEn-DfxzPts/getUpdates "HTTP/1.1 200 OK"
2025-07-17 10:29:46,922 - httpx - INFO - HTTP Request: POST https://api.telegram.org/bot8093282303:AAEqfy1qngjmQu9N1Y6N1ImluEn-DfxzPts/getUpdates "HTTP/1.1 200 OK"
2025-07-17 10:29:57,000 - httpx - INFO - HTTP Request: POST https://api.telegram.org/bot8093282303:AAEqfy1qngjmQu9N1Y6N1ImluEn-DfxzPts/getUpdates "HTTP/1.1 200 OK"
2025-07-17 10:30:07,084 - httpx - INFO - HTTP Request: POST https://api.telegram.org/bot8093282303:AAEqfy1qngjmQu9N1Y6N1ImluEn-DfxzPts/getUpdates "HTTP/1.1 200 OK"
2025-07-17 10:30:17,171 - httpx - INFO - HTTP Request: POST https://api.telegram.org/bot8093282303:AAEqfy1qngjmQu9N1Y6N1ImluEn-DfxzPts/getUpdates "HTTP/1.1 200 OK"
2025-07-17 10:30:27,252 - httpx - INFO - HTTP Request: POST https://api.telegram.org/bot8093282303:AAEqfy1qngjmQu9N1Y6N1ImluEn-DfxzPts/getUpdates "HTTP/1.1 200 OK"
2025-07-17 10:30:37,327 - httpx - INFO - HTTP Request: POST https://api.telegram.org/bot8093282303:AAEqfy1qngjmQu9N1Y6N1ImluEn-DfxzPts/getUpdates "HTTP/1.1 200 OK"
2025-07-17 10:30:47,405 - httpx - INFO - HTTP Request: POST https://api.telegram.org/bot8093282303:AAEqfy1qngjmQu9N1Y6N1ImluEn-DfxzPts/getUpdates "HTTP/1.1 200 OK"
2025-07-17 10:30:57,485 - httpx - INFO - HTTP Request: POST https://api.telegram.org/bot8093282303:AAEqfy1qngjmQu9N1Y6N1ImluEn-DfxzPts/getUpdates "HTTP/1.1 200 OK"
2025-07-17 10:31:07,562 - httpx - INFO - HTTP Request: POST https://api.telegram.org/bot8093282303:AAEqfy1qngjmQu9N1Y6N1ImluEn-DfxzPts/getUpdates "HTTP/1.1 200 OK"
2025-07-17 10:31:17,637 - httpx - INFO - HTTP Request: POST https://api.telegram.org/bot8093282303:AAEqfy1qngjmQu9N1Y6N1ImluEn-DfxzPts/getUpdates "HTTP/1.1 200 OK"
2025-07-17 10:31:27,713 - httpx - INFO - HTTP Request: POST https://api.telegram.org/bot8093282303:AAEqfy1qngjmQu9N1Y6N1ImluEn-DfxzPts/getUpdates "HTTP/1.1 200 OK"
2025-07-17 10:31:37,789 - httpx - INFO - HTTP Request: POST https://api.telegram.org/bot8093282303:AAEqfy1qngjmQu9N1Y6N1ImluEn-DfxzPts/getUpdates "HTTP/1.1 200 OK"
2025-07-17 10:31:47,867 - httpx - INFO - HTTP Request: POST https://api.telegram.org/bot8093282303:AAEqfy1qngjmQu9N1Y6N1ImluEn-DfxzPts/getUpdates "HTTP/1.1 200 OK"
2025-07-17 10:31:57,997 - httpx - INFO - HTTP Request: POST https://api.telegram.org/bot8093282303:AAEqfy1qngjmQu9N1Y6N1ImluEn-DfxzPts/getUpdates "HTTP/1.1 200 OK"
2025-07-17 10:32:08,071 - httpx - INFO - HTTP Request: POST https://api.telegram.org/bot8093282303:AAEqfy1qngjmQu9N1Y6N1ImluEn-DfxzPts/getUpdates "HTTP/1.1 200 OK"
2025-07-17 10:32:18,148 - httpx - INFO - HTTP Request: POST https://api.telegram.org/bot8093282303:AAEqfy1qngjmQu9N1Y6N1ImluEn-DfxzPts/getUpdates "HTTP/1.1 200 OK"
2025-07-17 10:32:28,224 - httpx - INFO - HTTP Request: POST https://api.telegram.org/bot8093282303:AAEqfy1qngjmQu9N1Y6N1ImluEn-DfxzPts/getUpdates "HTTP/1.1 200 OK"
2025-07-17 10:32:38,304 - httpx - INFO - HTTP Request: POST https://api.telegram.org/bot8093282303:AAEqfy1qngjmQu9N1Y6N1ImluEn-DfxzPts/getUpdates "HTTP/1.1 200 OK"
2025-07-17 10:32:48,380 - httpx - INFO - HTTP Request: POST https://api.telegram.org/bot8093282303:AAEqfy1qngjmQu9N1Y6N1ImluEn-DfxzPts/getUpdates "HTTP/1.1 200 OK"
2025-07-17 10:32:58,460 - httpx - INFO - HTTP Request: POST https://api.telegram.org/bot8093282303:AAEqfy1qngjmQu9N1Y6N1ImluEn-DfxzPts/getUpdates "HTTP/1.1 200 OK"
2025-07-17 10:33:08,542 - httpx - INFO - HTTP Request: POST https://api.telegram.org/bot8093282303:AAEqfy1qngjmQu9N1Y6N1ImluEn-DfxzPts/getUpdates "HTTP/1.1 200 OK"
2025-07-17 10:33:18,618 - httpx - INFO - HTTP Request: POST https://api.telegram.org/bot8093282303:AAEqfy1qngjmQu9N1Y6N1ImluEn-DfxzPts/getUpdates "HTTP/1.1 200 OK"
2025-07-17 10:33:28,694 - httpx - INFO - HTTP Request: POST https://api.telegram.org/bot8093282303:AAEqfy1qngjmQu9N1Y6N1ImluEn-DfxzPts/getUpdates "HTTP/1.1 200 OK"
2025-07-17 10:33:38,825 - httpx - INFO - HTTP Request: POST https://api.telegram.org/bot8093282303:AAEqfy1qngjmQu9N1Y6N1ImluEn-DfxzPts/getUpdates "HTTP/1.1 200 OK"
2025-07-17 10:33:48,918 - httpx - INFO - HTTP Request: POST https://api.telegram.org/bot8093282303:AAEqfy1qngjmQu9N1Y6N1ImluEn-DfxzPts/getUpdates "HTTP/1.1 200 OK"
2025-07-17 10:33:59,017 - httpx - INFO - HTTP Request: POST https://api.telegram.org/bot8093282303:AAEqfy1qngjmQu9N1Y6N1ImluEn-DfxzPts/getUpdates "HTTP/1.1 200 OK"
2025-07-17 10:34:09,143 - httpx - INFO - HTTP Request: POST https://api.telegram.org/bot8093282303:AAEqfy1qngjmQu9N1Y6N1ImluEn-DfxzPts/getUpdates "HTTP/1.1 200 OK"
2025-07-17 10:34:19,223 - httpx - INFO - HTTP Request: POST https://api.telegram.org/bot8093282303:AAEqfy1qngjmQu9N1Y6N1ImluEn-DfxzPts/getUpdates "HTTP/1.1 200 OK"
2025-07-17 10:34:29,298 - httpx - INFO - HTTP Request: POST https://api.telegram.org/bot8093282303:AAEqfy1qngjmQu9N1Y6N1ImluEn-DfxzPts/getUpdates "HTTP/1.1 200 OK"
2025-07-17 10:34:39,375 - httpx - INFO - HTTP Request: POST https://api.telegram.org/bot8093282303:AAEqfy1qngjmQu9N1Y6N1ImluEn-DfxzPts/getUpdates "HTTP/1.1 200 OK"
2025-07-17 10:34:49,473 - httpx - INFO - HTTP Request: POST https://api.telegram.org/bot8093282303:AAEqfy1qngjmQu9N1Y6N1ImluEn-DfxzPts/getUpdates "HTTP/1.1 200 OK"
2025-07-17 10:34:59,565 - httpx - INFO - HTTP Request: POST https://api.telegram.org/bot8093282303:AAEqfy1qngjmQu9N1Y6N1ImluEn-DfxzPts/getUpdates "HTTP/1.1 200 OK"
2025-07-17 10:35:09,883 - httpx - INFO - HTTP Request: POST https://api.telegram.org/bot8093282303:AAEqfy1qngjmQu9N1Y6N1ImluEn-DfxzPts/getUpdates "HTTP/1.1 200 OK"
2025-07-17 10:35:19,956 - httpx - INFO - HTTP Request: POST https://api.telegram.org/bot8093282303:AAEqfy1qngjmQu9N1Y6N1ImluEn-DfxzPts/getUpdates "HTTP/1.1 200 OK"
2025-07-17 10:35:30,025 - httpx - INFO - HTTP Request: POST https://api.telegram.org/bot8093282303:AAEqfy1qngjmQu9N1Y6N1ImluEn-DfxzPts/getUpdates "HTTP/1.1 200 OK"
2025-07-17 10:35:40,104 - httpx - INFO - HTTP Request: POST https://api.telegram.org/bot8093282303:AAEqfy1qngjmQu9N1Y6N1ImluEn-DfxzPts/getUpdates "HTTP/1.1 200 OK"
2025-07-17 10:35:50,201 - httpx - INFO - HTTP Request: POST https://api.telegram.org/bot8093282303:AAEqfy1qngjmQu9N1Y6N1ImluEn-DfxzPts/getUpdates "HTTP/1.1 200 OK"
2025-07-17 10:36:00,281 - httpx - INFO - HTTP Request: POST https://api.telegram.org/bot8093282303:AAEqfy1qngjmQu9N1Y6N1ImluEn-DfxzPts/getUpdates "HTTP/1.1 200 OK"
2025-07-17 10:36:10,351 - httpx - INFO - HTTP Request: POST https://api.telegram.org/bot8093282303:AAEqfy1qngjmQu9N1Y6N1ImluEn-DfxzPts/getUpdates "HTTP/1.1 200 OK"
2025-07-17 10:36:20,426 - httpx - INFO - HTTP Request: POST https://api.telegram.org/bot8093282303:AAEqfy1qngjmQu9N1Y6N1ImluEn-DfxzPts/getUpdates "HTTP/1.1 200 OK"
2025-07-17 10:36:30,524 - httpx - INFO - HTTP Request: POST https://api.telegram.org/bot8093282303:AAEqfy1qngjmQu9N1Y6N1ImluEn-DfxzPts/getUpdates "HTTP/1.1 200 OK"
2025-07-17 10:36:40,704 - httpx - INFO - HTTP Request: POST https://api.telegram.org/bot8093282303:AAEqfy1qngjmQu9N1Y6N1ImluEn-DfxzPts/getUpdates "HTTP/1.1 200 OK"
2025-07-17 10:36:50,783 - httpx - INFO - HTTP Request: POST https://api.telegram.org/bot8093282303:AAEqfy1qngjmQu9N1Y6N1ImluEn-DfxzPts/getUpdates "HTTP/1.1 200 OK"
2025-07-17 10:37:00,858 - httpx - INFO - HTTP Request: POST https://api.telegram.org/bot8093282303:AAEqfy1qngjmQu9N1Y6N1ImluEn-DfxzPts/getUpdates "HTTP/1.1 200 OK"
2025-07-17 10:37:10,932 - httpx - INFO - HTTP Request: POST https://api.telegram.org/bot8093282303:AAEqfy1qngjmQu9N1Y6N1ImluEn-DfxzPts/getUpdates "HTTP/1.1 200 OK"
2025-07-17 10:37:21,010 - httpx - INFO - HTTP Request: POST https://api.telegram.org/bot8093282303:AAEqfy1qngjmQu9N1Y6N1ImluEn-DfxzPts/getUpdates "HTTP/1.1 200 OK"
2025-07-17 10:37:31,082 - httpx - INFO - HTTP Request: POST https://api.telegram.org/bot8093282303:AAEqfy1qngjmQu9N1Y6N1ImluEn-DfxzPts/getUpdates "HTTP/1.1 200 OK"
2025-07-17 10:37:41,153 - httpx - INFO - HTTP Request: POST https://api.telegram.org/bot8093282303:AAEqfy1qngjmQu9N1Y6N1ImluEn-DfxzPts/getUpdates "HTTP/1.1 200 OK"
2025-07-17 10:37:51,222 - httpx - INFO - HTTP Request: POST https://api.telegram.org/bot8093282303:AAEqfy1qngjmQu9N1Y6N1ImluEn-DfxzPts/getUpdates "HTTP/1.1 200 OK"
2025-07-17 10:38:01,293 - httpx - INFO - HTTP Request: POST https://api.telegram.org/bot8093282303:AAEqfy1qngjmQu9N1Y6N1ImluEn-DfxzPts/getUpdates "HTTP/1.1 200 OK"
2025-07-17 10:38:11,365 - httpx - INFO - HTTP Request: POST https://api.telegram.org/bot8093282303:AAEqfy1qngjmQu9N1Y6N1ImluEn-DfxzPts/getUpdates "HTTP/1.1 200 OK"
2025-07-17 10:38:21,468 - httpx - INFO - HTTP Request: POST https://api.telegram.org/bot8093282303:AAEqfy1qngjmQu9N1Y6N1ImluEn-DfxzPts/getUpdates "HTTP/1.1 200 OK"
2025-07-17 10:38:31,550 - httpx - INFO - HTTP Request: POST https://api.telegram.org/bot8093282303:AAEqfy1qngjmQu9N1Y6N1ImluEn-DfxzPts/getUpdates "HTTP/1.1 200 OK"
2025-07-17 10:38:41,737 - httpx - INFO - HTTP Request: POST https://api.telegram.org/bot8093282303:AAEqfy1qngjmQu9N1Y6N1ImluEn-DfxzPts/getUpdates "HTTP/1.1 200 OK"
2025-07-17 10:38:51,806 - httpx - INFO - HTTP Request: POST https://api.telegram.org/bot8093282303:AAEqfy1qngjmQu9N1Y6N1ImluEn-DfxzPts/getUpdates "HTTP/1.1 200 OK"
2025-07-17 10:39:01,876 - httpx - INFO - HTTP Request: POST https://api.telegram.org/bot8093282303:AAEqfy1qngjmQu9N1Y6N1ImluEn-DfxzPts/getUpdates "HTTP/1.1 200 OK"
2025-07-17 10:39:11,949 - httpx - INFO - HTTP Request: POST https://api.telegram.org/bot8093282303:AAEqfy1qngjmQu9N1Y6N1ImluEn-DfxzPts/getUpdates "HTTP/1.1 200 OK"
2025-07-17 10:39:22,016 - httpx - INFO - HTTP Request: POST https://api.telegram.org/bot8093282303:AAEqfy1qngjmQu9N1Y6N1ImluEn-DfxzPts/getUpdates "HTTP/1.1 200 OK"
2025-07-17 10:39:32,085 - httpx - INFO - HTTP Request: POST https://api.telegram.org/bot8093282303:AAEqfy1qngjmQu9N1Y6N1ImluEn-DfxzPts/getUpdates "HTTP/1.1 200 OK"
2025-07-17 10:39:42,156 - httpx - INFO - HTTP Request: POST https://api.telegram.org/bot8093282303:AAEqfy1qngjmQu9N1Y6N1ImluEn-DfxzPts/getUpdates "HTTP/1.1 200 OK"
2025-07-17 10:39:52,227 - httpx - INFO - HTTP Request: POST https://api.telegram.org/bot8093282303:AAEqfy1qngjmQu9N1Y6N1ImluEn-DfxzPts/getUpdates "HTTP/1.1 200 OK"
2025-07-17 10:40:02,299 - httpx - INFO - HTTP Request: POST https://api.telegram.org/bot8093282303:AAEqfy1qngjmQu9N1Y6N1ImluEn-DfxzPts/getUpdates "HTTP/1.1 200 OK"
2025-07-17 10:40:12,385 - httpx - INFO - HTTP Request: POST https://api.telegram.org/bot8093282303:AAEqfy1qngjmQu9N1Y6N1ImluEn-DfxzPts/getUpdates "HTTP/1.1 200 OK"
2025-07-17 10:40:22,463 - httpx - INFO - HTTP Request: POST https://api.telegram.org/bot8093282303:AAEqfy1qngjmQu9N1Y6N1ImluEn-DfxzPts/getUpdates "HTTP/1.1 200 OK"
2025-07-17 10:40:32,531 - httpx - INFO - HTTP Request: POST https://api.telegram.org/bot8093282303:AAEqfy1qngjmQu9N1Y6N1ImluEn-DfxzPts/getUpdates "HTTP/1.1 200 OK"
2025-07-17 10:40:42,606 - httpx - INFO - HTTP Request: POST https://api.telegram.org/bot8093282303:AAEqfy1qngjmQu9N1Y6N1ImluEn-DfxzPts/getUpdates "HTTP/1.1 200 OK"
2025-07-17 10:40:52,678 - httpx - INFO - HTTP Request: POST https://api.telegram.org/bot8093282303:AAEqfy1qngjmQu9N1Y6N1ImluEn-DfxzPts/getUpdates "HTTP/1.1 200 OK"
2025-07-17 10:41:02,746 - httpx - INFO - HTTP Request: POST https://api.telegram.org/bot8093282303:AAEqfy1qngjmQu9N1Y6N1ImluEn-DfxzPts/getUpdates "HTTP/1.1 200 OK"
2025-07-17 10:41:12,824 - httpx - INFO - HTTP Request: POST https://api.telegram.org/bot8093282303:AAEqfy1qngjmQu9N1Y6N1ImluEn-DfxzPts/getUpdates "HTTP/1.1 200 OK"
2025-07-17 10:41:22,897 - httpx - INFO - HTTP Request: POST https://api.telegram.org/bot8093282303:AAEqfy1qngjmQu9N1Y6N1ImluEn-DfxzPts/getUpdates "HTTP/1.1 200 OK"
2025-07-17 10:41:32,968 - httpx - INFO - HTTP Request: POST https://api.telegram.org/bot8093282303:AAEqfy1qngjmQu9N1Y6N1ImluEn-DfxzPts/getUpdates "HTTP/1.1 200 OK"
2025-07-17 10:41:43,037 - httpx - INFO - HTTP Request: POST https://api.telegram.org/bot8093282303:AAEqfy1qngjmQu9N1Y6N1ImluEn-DfxzPts/getUpdates "HTTP/1.1 200 OK"
2025-07-17 10:41:53,105 - httpx - INFO - HTTP Request: POST https://api.telegram.org/bot8093282303:AAEqfy1qngjmQu9N1Y6N1ImluEn-DfxzPts/getUpdates "HTTP/1.1 200 OK"
2025-07-17 10:42:03,184 - httpx - INFO - HTTP Request: POST https://api.telegram.org/bot8093282303:AAEqfy1qngjmQu9N1Y6N1ImluEn-DfxzPts/getUpdates "HTTP/1.1 200 OK"
2025-07-17 10:42:13,262 - httpx - INFO - HTTP Request: POST https://api.telegram.org/bot8093282303:AAEqfy1qngjmQu9N1Y6N1ImluEn-DfxzPts/getUpdates "HTTP/1.1 200 OK"
2025-07-17 10:42:23,331 - httpx - INFO - HTTP Request: POST https://api.telegram.org/bot8093282303:AAEqfy1qngjmQu9N1Y6N1ImluEn-DfxzPts/getUpdates "HTTP/1.1 200 OK"
2025-07-17 10:42:33,399 - httpx - INFO - HTTP Request: POST https://api.telegram.org/bot8093282303:AAEqfy1qngjmQu9N1Y6N1ImluEn-DfxzPts/getUpdates "HTTP/1.1 200 OK"
2025-07-17 10:42:43,468 - httpx - INFO - HTTP Request: POST https://api.telegram.org/bot8093282303:AAEqfy1qngjmQu9N1Y6N1ImluEn-DfxzPts/getUpdates "HTTP/1.1 200 OK"
2025-07-17 10:42:53,537 - httpx - INFO - HTTP Request: POST https://api.telegram.org/bot8093282303:AAEqfy1qngjmQu9N1Y6N1ImluEn-DfxzPts/getUpdates "HTTP/1.1 200 OK"
2025-07-17 10:43:03,609 - httpx - INFO - HTTP Request: POST https://api.telegram.org/bot8093282303:AAEqfy1qngjmQu9N1Y6N1ImluEn-DfxzPts/getUpdates "HTTP/1.1 200 OK"
2025-07-17 10:43:13,682 - httpx - INFO - HTTP Request: POST https://api.telegram.org/bot8093282303:AAEqfy1qngjmQu9N1Y6N1ImluEn-DfxzPts/getUpdates "HTTP/1.1 200 OK"
2025-07-17 10:43:23,752 - httpx - INFO - HTTP Request: POST https://api.telegram.org/bot8093282303:AAEqfy1qngjmQu9N1Y6N1ImluEn-DfxzPts/getUpdates "HTTP/1.1 200 OK"
2025-07-17 10:43:33,827 - httpx - INFO - HTTP Request: POST https://api.telegram.org/bot8093282303:AAEqfy1qngjmQu9N1Y6N1ImluEn-DfxzPts/getUpdates "HTTP/1.1 200 OK"
2025-07-17 10:43:43,903 - httpx - INFO - HTTP Request: POST https://api.telegram.org/bot8093282303:AAEqfy1qngjmQu9N1Y6N1ImluEn-DfxzPts/getUpdates "HTTP/1.1 200 OK"
2025-07-17 10:43:53,975 - httpx - INFO - HTTP Request: POST https://api.telegram.org/bot8093282303:AAEqfy1qngjmQu9N1Y6N1ImluEn-DfxzPts/getUpdates "HTTP/1.1 200 OK"
2025-07-17 10:44:04,043 - httpx - INFO - HTTP Request: POST https://api.telegram.org/bot8093282303:AAEqfy1qngjmQu9N1Y6N1ImluEn-DfxzPts/getUpdates "HTTP/1.1 200 OK"
2025-07-17 10:44:14,116 - httpx - INFO - HTTP Request: POST https://api.telegram.org/bot8093282303:AAEqfy1qngjmQu9N1Y6N1ImluEn-DfxzPts/getUpdates "HTTP/1.1 200 OK"
2025-07-17 10:44:24,189 - httpx - INFO - HTTP Request: POST https://api.telegram.org/bot8093282303:AAEqfy1qngjmQu9N1Y6N1ImluEn-DfxzPts/getUpdates "HTTP/1.1 200 OK"
2025-07-17 10:44:34,258 - httpx - INFO - HTTP Request: POST https://api.telegram.org/bot8093282303:AAEqfy1qngjmQu9N1Y6N1ImluEn-DfxzPts/getUpdates "HTTP/1.1 200 OK"
2025-07-17 10:44:44,334 - httpx - INFO - HTTP Request: POST https://api.telegram.org/bot8093282303:AAEqfy1qngjmQu9N1Y6N1ImluEn-DfxzPts/getUpdates "HTTP/1.1 200 OK"
2025-07-17 10:44:54,407 - httpx - INFO - HTTP Request: POST https://api.telegram.org/bot8093282303:AAEqfy1qngjmQu9N1Y6N1ImluEn-DfxzPts/getUpdates "HTTP/1.1 200 OK"
2025-07-17 10:45:04,476 - httpx - INFO - HTTP Request: POST https://api.telegram.org/bot8093282303:AAEqfy1qngjmQu9N1Y6N1ImluEn-DfxzPts/getUpdates "HTTP/1.1 200 OK"
2025-07-17 10:45:14,549 - httpx - INFO - HTTP Request: POST https://api.telegram.org/bot8093282303:AAEqfy1qngjmQu9N1Y6N1ImluEn-DfxzPts/getUpdates "HTTP/1.1 200 OK"
2025-07-17 10:45:24,621 - httpx - INFO - HTTP Request: POST https://api.telegram.org/bot8093282303:AAEqfy1qngjmQu9N1Y6N1ImluEn-DfxzPts/getUpdates "HTTP/1.1 200 OK"
2025-07-17 10:45:34,692 - httpx - INFO - HTTP Request: POST https://api.telegram.org/bot8093282303:AAEqfy1qngjmQu9N1Y6N1ImluEn-DfxzPts/getUpdates "HTTP/1.1 200 OK"
2025-07-17 10:45:44,762 - httpx - INFO - HTTP Request: POST https://api.telegram.org/bot8093282303:AAEqfy1qngjmQu9N1Y6N1ImluEn-DfxzPts/getUpdates "HTTP/1.1 200 OK"
2025-07-17 10:45:54,834 - httpx - INFO - HTTP Request: POST https://api.telegram.org/bot8093282303:AAEqfy1qngjmQu9N1Y6N1ImluEn-DfxzPts/getUpdates "HTTP/1.1 200 OK"
2025-07-17 10:46:04,906 - httpx - INFO - HTTP Request: POST https://api.telegram.org/bot8093282303:AAEqfy1qngjmQu9N1Y6N1ImluEn-DfxzPts/getUpdates "HTTP/1.1 200 OK"
2025-07-17 10:46:14,993 - httpx - INFO - HTTP Request: POST https://api.telegram.org/bot8093282303:AAEqfy1qngjmQu9N1Y6N1ImluEn-DfxzPts/getUpdates "HTTP/1.1 200 OK"
2025-07-17 10:46:25,067 - httpx - INFO - HTTP Request: POST https://api.telegram.org/bot8093282303:AAEqfy1qngjmQu9N1Y6N1ImluEn-DfxzPts/getUpdates "HTTP/1.1 200 OK"
2025-07-17 10:46:35,137 - httpx - INFO - HTTP Request: POST https://api.telegram.org/bot8093282303:AAEqfy1qngjmQu9N1Y6N1ImluEn-DfxzPts/getUpdates "HTTP/1.1 200 OK"
2025-07-17 10:46:45,208 - httpx - INFO - HTTP Request: POST https://api.telegram.org/bot8093282303:AAEqfy1qngjmQu9N1Y6N1ImluEn-DfxzPts/getUpdates "HTTP/1.1 200 OK"
2025-07-17 10:46:55,370 - httpx - INFO - HTTP Request: POST https://api.telegram.org/bot8093282303:AAEqfy1qngjmQu9N1Y6N1ImluEn-DfxzPts/getUpdates "HTTP/1.1 200 OK"
2025-07-17 10:47:05,440 - httpx - INFO - HTTP Request: POST https://api.telegram.org/bot8093282303:AAEqfy1qngjmQu9N1Y6N1ImluEn-DfxzPts/getUpdates "HTTP/1.1 200 OK"
2025-07-17 10:47:15,517 - httpx - INFO - HTTP Request: POST https://api.telegram.org/bot8093282303:AAEqfy1qngjmQu9N1Y6N1ImluEn-DfxzPts/getUpdates "HTTP/1.1 200 OK"
2025-07-17 10:47:25,591 - httpx - INFO - HTTP Request: POST https://api.telegram.org/bot8093282303:AAEqfy1qngjmQu9N1Y6N1ImluEn-DfxzPts/getUpdates "HTTP/1.1 200 OK"
2025-07-17 10:47:35,662 - httpx - INFO - HTTP Request: POST https://api.telegram.org/bot8093282303:AAEqfy1qngjmQu9N1Y6N1ImluEn-DfxzPts/getUpdates "HTTP/1.1 200 OK"
2025-07-17 10:47:45,731 - httpx - INFO - HTTP Request: POST https://api.telegram.org/bot8093282303:AAEqfy1qngjmQu9N1Y6N1ImluEn-DfxzPts/getUpdates "HTTP/1.1 200 OK"
2025-07-17 10:47:55,803 - httpx - INFO - HTTP Request: POST https://api.telegram.org/bot8093282303:AAEqfy1qngjmQu9N1Y6N1ImluEn-DfxzPts/getUpdates "HTTP/1.1 200 OK"
2025-07-17 10:48:05,925 - httpx - INFO - HTTP Request: POST https://api.telegram.org/bot8093282303:AAEqfy1qngjmQu9N1Y6N1ImluEn-DfxzPts/getUpdates "HTTP/1.1 200 OK"
2025-07-17 10:48:16,016 - httpx - INFO - HTTP Request: POST https://api.telegram.org/bot8093282303:AAEqfy1qngjmQu9N1Y6N1ImluEn-DfxzPts/getUpdates "HTTP/1.1 200 OK"
2025-07-17 10:48:26,096 - httpx - INFO - HTTP Request: POST https://api.telegram.org/bot8093282303:AAEqfy1qngjmQu9N1Y6N1ImluEn-DfxzPts/getUpdates "HTTP/1.1 200 OK"
2025-07-17 10:48:36,168 - httpx - INFO - HTTP Request: POST https://api.telegram.org/bot8093282303:AAEqfy1qngjmQu9N1Y6N1ImluEn-DfxzPts/getUpdates "HTTP/1.1 200 OK"
2025-07-17 10:48:46,241 - httpx - INFO - HTTP Request: POST https://api.telegram.org/bot8093282303:AAEqfy1qngjmQu9N1Y6N1ImluEn-DfxzPts/getUpdates "HTTP/1.1 200 OK"
2025-07-17 10:48:56,313 - httpx - INFO - HTTP Request: POST https://api.telegram.org/bot8093282303:AAEqfy1qngjmQu9N1Y6N1ImluEn-DfxzPts/getUpdates "HTTP/1.1 200 OK"
2025-07-17 10:49:06,390 - httpx - INFO - HTTP Request: POST https://api.telegram.org/bot8093282303:AAEqfy1qngjmQu9N1Y6N1ImluEn-DfxzPts/getUpdates "HTTP/1.1 200 OK"
2025-07-17 10:49:16,461 - httpx - INFO - HTTP Request: POST https://api.telegram.org/bot8093282303:AAEqfy1qngjmQu9N1Y6N1ImluEn-DfxzPts/getUpdates "HTTP/1.1 200 OK"
2025-07-17 10:49:26,532 - httpx - INFO - HTTP Request: POST https://api.telegram.org/bot8093282303:AAEqfy1qngjmQu9N1Y6N1ImluEn-DfxzPts/getUpdates "HTTP/1.1 200 OK"
2025-07-17 10:49:36,603 - httpx - INFO - HTTP Request: POST https://api.telegram.org/bot8093282303:AAEqfy1qngjmQu9N1Y6N1ImluEn-DfxzPts/getUpdates "HTTP/1.1 200 OK"
2025-07-17 10:49:46,672 - httpx - INFO - HTTP Request: POST https://api.telegram.org/bot8093282303:AAEqfy1qngjmQu9N1Y6N1ImluEn-DfxzPts/getUpdates "HTTP/1.1 200 OK"
2025-07-17 10:49:56,744 - httpx - INFO - HTTP Request: POST https://api.telegram.org/bot8093282303:AAEqfy1qngjmQu9N1Y6N1ImluEn-DfxzPts/getUpdates "HTTP/1.1 200 OK"
2025-07-17 10:50:06,815 - httpx - INFO - HTTP Request: POST https://api.telegram.org/bot8093282303:AAEqfy1qngjmQu9N1Y6N1ImluEn-DfxzPts/getUpdates "HTTP/1.1 200 OK"
2025-07-17 10:50:16,889 - httpx - INFO - HTTP Request: POST https://api.telegram.org/bot8093282303:AAEqfy1qngjmQu9N1Y6N1ImluEn-DfxzPts/getUpdates "HTTP/1.1 200 OK"
2025-07-17 10:50:26,965 - httpx - INFO - HTTP Request: POST https://api.telegram.org/bot8093282303:AAEqfy1qngjmQu9N1Y6N1ImluEn-DfxzPts/getUpdates "HTTP/1.1 200 OK"
2025-07-17 10:50:37,065 - httpx - INFO - HTTP Request: POST https://api.telegram.org/bot8093282303:AAEqfy1qngjmQu9N1Y6N1ImluEn-DfxzPts/getUpdates "HTTP/1.1 200 OK"
2025-07-17 10:50:47,140 - httpx - INFO - HTTP Request: POST https://api.telegram.org/bot8093282303:AAEqfy1qngjmQu9N1Y6N1ImluEn-DfxzPts/getUpdates "HTTP/1.1 200 OK"
2025-07-17 10:50:57,214 - httpx - INFO - HTTP Request: POST https://api.telegram.org/bot8093282303:AAEqfy1qngjmQu9N1Y6N1ImluEn-DfxzPts/getUpdates "HTTP/1.1 200 OK"
2025-07-17 10:51:07,288 - httpx - INFO - HTTP Request: POST https://api.telegram.org/bot8093282303:AAEqfy1qngjmQu9N1Y6N1ImluEn-DfxzPts/getUpdates "HTTP/1.1 200 OK"
2025-07-17 10:51:17,363 - httpx - INFO - HTTP Request: POST https://api.telegram.org/bot8093282303:AAEqfy1qngjmQu9N1Y6N1ImluEn-DfxzPts/getUpdates "HTTP/1.1 200 OK"
2025-07-17 10:51:27,437 - httpx - INFO - HTTP Request: POST https://api.telegram.org/bot8093282303:AAEqfy1qngjmQu9N1Y6N1ImluEn-DfxzPts/getUpdates "HTTP/1.1 200 OK"
2025-07-17 10:51:37,517 - httpx - INFO - HTTP Request: POST https://api.telegram.org/bot8093282303:AAEqfy1qngjmQu9N1Y6N1ImluEn-DfxzPts/getUpdates "HTTP/1.1 200 OK"
2025-07-17 10:51:40,605 - httpx - INFO - HTTP Request: POST https://api.telegram.org/bot8093282303:AAEqfy1qngjmQu9N1Y6N1ImluEn-DfxzPts/getUpdates "HTTP/1.1 200 OK"
2025-07-17 10:51:40,606 - telegram.ext.Application - INFO - Application is stopping. This might take a moment.
2025-07-17 10:51:40,606 - apscheduler.scheduler - INFO - Scheduler has been shut down
2025-07-17 10:51:40,620 - telegram.ext.Application - INFO - Application.stop() complete
